<?xml version="1.0" encoding="UTF-8"?>
<!-- Generated by org.testng.reporters.JUnitReportReporter -->
<testsuite name="DataDriventTesting.ReadDataFromExcel2" tests="4" time="5.709" ignored="0" failures="0" timestamp="13 May 2020 23:56:52 GMT" skipped="0" hostname="DESKTOP-3O81M63" errors="0">
  <testcase name="readExcelData" time="0.576" classname="DataDriventTesting.ReadDataFromExcel2"/>
  <testcase name="readExcelData" time="0.560" classname="DataDriventTesting.ReadDataFromExcel2"/>
  <testcase name="readExcelData" time="2.769" classname="DataDriventTesting.ReadDataFromExcel2"/>
  <testcase name="readExcelData" time="1.804" classname="DataDriventTesting.ReadDataFromExcel2"/>
</testsuite> <!-- DataDriventTesting.ReadDataFromExcel2 -->
