<?xml version="1.0" encoding="UTF-8"?>
<!-- Generated by org.testng.reporters.JUnitReportReporter -->
<testsuite name="DataDriventTesting.ReadDatafromExcel" tests="4" time="2.844" ignored="0" failures="0" timestamp="13 May 2020 21:43:06 GMT" skipped="0" hostname="DESKTOP-3O81M63" errors="0">
  <testcase name="readExcelData" time="0.518" classname="DataDriventTesting.ReadDatafromExcel"/>
  <testcase name="readExcelData" time="0.829" classname="DataDriventTesting.ReadDatafromExcel"/>
  <testcase name="readExcelData" time="0.995" classname="DataDriventTesting.ReadDatafromExcel"/>
  <testcase name="readExcelData" time="0.502" classname="DataDriventTesting.ReadDatafromExcel"/>
</testsuite> <!-- DataDriventTesting.ReadDatafromExcel -->
